2022-07-08T12:48:47+00:00 CRITICAL syntax error, unexpected '$archivo' (T_VARIABLE), expecting ')' en C:\xampp\htdocs\wordpress\wp-content\plugins\actualizacionVentas.php en la línea 28

2022-07-08T12:48:50+00:00 CRITICAL syntax error, unexpected '$archivo' (T_VARIABLE), expecting ')' en C:\xampp\htdocs\wordpress\wp-content\plugins\actualizacionVentas.php en la línea 28

2022-07-08T12:48:52+00:00 CRITICAL syntax error, unexpected '$archivo' (T_VARIABLE), expecting ')' en C:\xampp\htdocs\wordpress\wp-content\plugins\actualizacionVentas.php en la línea 28

2022-07-08T12:48:58+00:00 CRITICAL syntax error, unexpected '$archivo' (T_VARIABLE), expecting ')' en C:\xampp\htdocs\wordpress\wp-content\plugins\actualizacionVentas.php en la línea 28

2022-07-08T12:48:58+00:00 CRITICAL syntax error, unexpected '$archivo' (T_VARIABLE), expecting ')' en C:\xampp\htdocs\wordpress\wp-content\plugins\actualizacionVentas.php en la línea 28

2022-07-08T12:49:36+00:00 CRITICAL syntax error, unexpected '$archivo' (T_VARIABLE), expecting ')' en C:\xampp\htdocs\wordpress\wp-content\plugins\actualizacionVentas.php en la línea 28

2022-07-08T12:49:39+00:00 CRITICAL syntax error, unexpected '$archivo' (T_VARIABLE), expecting ')' en C:\xampp\htdocs\wordpress\wp-content\plugins\actualizacionVentas.php en la línea 28

2022-07-08T12:49:40+00:00 CRITICAL syntax error, unexpected '$archivo' (T_VARIABLE), expecting ')' en C:\xampp\htdocs\wordpress\wp-content\plugins\actualizacionVentas.php en la línea 28

2022-07-08T13:08:58+00:00 CRITICAL syntax error, unexpected 'caso' (T_STRING) en C:\xampp\htdocs\wordpress\wp-content\plugins\actualizacionVentas.php en la línea 38

2022-07-08T13:09:02+00:00 CRITICAL syntax error, unexpected 'caso' (T_STRING) en C:\xampp\htdocs\wordpress\wp-content\plugins\actualizacionVentas.php en la línea 38

2022-07-08T13:09:03+00:00 CRITICAL syntax error, unexpected 'caso' (T_STRING) en C:\xampp\htdocs\wordpress\wp-content\plugins\actualizacionVentas.php en la línea 38

2022-07-08T13:16:14+00:00 CRITICAL syntax error, unexpected 'caso' (T_STRING) en C:\xampp\htdocs\wordpress\wp-content\plugins\actualizacionVentas.php en la línea 38

2022-07-08T13:16:18+00:00 CRITICAL syntax error, unexpected 'caso' (T_STRING) en C:\xampp\htdocs\wordpress\wp-content\plugins\actualizacionVentas.php en la línea 38

2022-07-08T13:16:18+00:00 CRITICAL syntax error, unexpected 'caso' (T_STRING) en C:\xampp\htdocs\wordpress\wp-content\plugins\actualizacionVentas.php en la línea 38

2022-07-08T13:19:47+00:00 CRITICAL syntax error, unexpected 'Name' (T_STRING) en C:\xampp\htdocs\wordpress\wp-content\plugins\actualizacionVentas.php en la línea 6

2022-07-08T13:19:51+00:00 CRITICAL syntax error, unexpected 'Name' (T_STRING) en C:\xampp\htdocs\wordpress\wp-content\plugins\actualizacionVentas.php en la línea 6

2022-07-08T13:19:51+00:00 CRITICAL syntax error, unexpected 'Name' (T_STRING) en C:\xampp\htdocs\wordpress\wp-content\plugins\actualizacionVentas.php en la línea 6

2022-07-08T13:23:21+00:00 CRITICAL syntax error, unexpected 'at' (T_STRING) en C:\xampp\htdocs\wordpress\wp-content\plugins\actualizacionVentas.php en la línea 12

2022-07-08T13:23:24+00:00 CRITICAL syntax error, unexpected 'at' (T_STRING) en C:\xampp\htdocs\wordpress\wp-content\plugins\actualizacionVentas.php en la línea 12

2022-07-08T13:23:24+00:00 CRITICAL syntax error, unexpected 'at' (T_STRING) en C:\xampp\htdocs\wordpress\wp-content\plugins\actualizacionVentas.php en la línea 12

2022-07-08T15:59:17+00:00 CRITICAL syntax error, unexpected 'Name' (T_STRING) en C:\xampp\htdocs\wordpress\wp-content\plugins\actualizacionVentas.php en la línea 8

2022-07-08T15:59:21+00:00 CRITICAL syntax error, unexpected 'Name' (T_STRING) en C:\xampp\htdocs\wordpress\wp-content\plugins\actualizacionVentas.php en la línea 8

2022-07-08T15:59:21+00:00 CRITICAL syntax error, unexpected 'Name' (T_STRING) en C:\xampp\htdocs\wordpress\wp-content\plugins\actualizacionVentas.php en la línea 8

2022-07-08T15:59:27+00:00 CRITICAL syntax error, unexpected 'Name' (T_STRING) en C:\xampp\htdocs\wordpress\wp-content\plugins\actualizacionVentas.php en la línea 8

2022-07-08T15:59:31+00:00 CRITICAL syntax error, unexpected 'Name' (T_STRING) en C:\xampp\htdocs\wordpress\wp-content\plugins\actualizacionVentas.php en la línea 8

2022-07-08T15:59:32+00:00 CRITICAL syntax error, unexpected 'Name' (T_STRING) en C:\xampp\htdocs\wordpress\wp-content\plugins\actualizacionVentas.php en la línea 8

2022-07-08T16:09:41+00:00 CRITICAL syntax error, unexpected '$plugin_lighdata' (T_VARIABLE), expecting ')' en C:\xampp\htdocs\wordpress\wp-content\plugins\actualizacionVentas.php en la línea 19

2022-07-08T16:09:45+00:00 CRITICAL syntax error, unexpected '$plugin_lighdata' (T_VARIABLE), expecting ')' en C:\xampp\htdocs\wordpress\wp-content\plugins\actualizacionVentas.php en la línea 19

2022-07-08T16:09:45+00:00 CRITICAL syntax error, unexpected '$plugin_lighdata' (T_VARIABLE), expecting ')' en C:\xampp\htdocs\wordpress\wp-content\plugins\actualizacionVentas.php en la línea 19

2022-07-08T16:10:35+00:00 CRITICAL syntax error, unexpected '"plugin_ligthdata"' (T_CONSTANT_ENCAPSED_STRING), expecting ')' en C:\xampp\htdocs\wordpress\wp-content\plugins\actualizacionVentas.php en la línea 19

2022-07-08T16:10:39+00:00 CRITICAL syntax error, unexpected '"plugin_ligthdata"' (T_CONSTANT_ENCAPSED_STRING), expecting ')' en C:\xampp\htdocs\wordpress\wp-content\plugins\actualizacionVentas.php en la línea 19

2022-07-08T16:10:39+00:00 CRITICAL syntax error, unexpected '"plugin_ligthdata"' (T_CONSTANT_ENCAPSED_STRING), expecting ')' en C:\xampp\htdocs\wordpress\wp-content\plugins\actualizacionVentas.php en la línea 19

